---------- Date: 2014-01-13 15:24:50 ~ IP : 192.168.9.1 ----------
REQUEST URI : /+bootstrap3/
MOD DETAILS:
   modFile   : D:\wamp\www\+bootstrap3\vqmod/xml/tm_bestseller.xml
   id        : Bestseller module
   version   : 1.0.0
   vqmver    : 2.3.0
   author    : Tm
VQModObject::parseMods - Could not resolve path for [catalog/language/german/module/bestseller.php] (SKIPPED)
VQModObject::parseMods - Could not resolve path for [catalog/language/spanish/module/bestseller.php] (SKIPPED)
MOD DETAILS:
   modFile   : D:\wamp\www\+bootstrap3\vqmod/xml/tm_cart.xml
   id        : Cart
   version   : 1.0.0
   vqmver    : 2.3.0
   author    : Tm
VQModObject::parseMods - Could not resolve path for [catalog/language/spanish/module/cart.php] (SKIPPED)
VQModObject::parseMods - Could not resolve path for [catalog/language/german/module/cart.php] (SKIPPED)

MOD DETAILS:
   modFile   : D:\wamp\www\+bootstrap3\vqmod/xml/tm_compare.xml
   id        : Compare
   version   : 1.0.0
   vqmver    : 2.3.0
   author    : Tm
VQModObject::parseMods - Could not resolve path for [catalog/language/german/product/compare.php] (SKIPPED)
VQModObject::parseMods - Could not resolve path for [catalog/language/spanish/product/compare.php] (SKIPPED)

MOD DETAILS:
   modFile   : D:\wamp\www\+bootstrap3\vqmod/xml/tm_featured.xml
   id        : Featured
   version   : 1.0.0
   vqmver    : 2.3.0
   author    : Tm
VQModObject::parseMods - Could not resolve path for [catalog/language/german/module/featured.php] (SKIPPED)
VQModObject::parseMods - Could not resolve path for [catalog/language/spanish/module/featured.php] (SKIPPED)
MOD DETAILS:
   modFile   : D:\wamp\www\+bootstrap3\vqmod/xml/tm_footer.xml
   id        : Footer 
   version   : 1.0.0
   vqmver    : 2.3.0
   author    : Tm
VQModObject::parseMods - Could not resolve path for [catalog/language/german/common/footer.php] (SKIPPED)
VQModObject::parseMods - Could not resolve path for [catalog/language/spanish/common/footer.php] (SKIPPED)
MOD DETAILS:
   modFile   : D:\wamp\www\+bootstrap3\vqmod/xml/tm_header.xml
   id        : Header
   version   : 1.0.0
   vqmver    : 2.3.0
   author    : Tm
VQModObject::parseMods - Could not resolve path for [catalog/language/german/common/header.php] (SKIPPED)
VQModObject::parseMods - Could not resolve path for [catalog/language/spanish/common/header.php] (SKIPPED)

MOD DETAILS:
   modFile   : D:\wamp\www\+bootstrap3\vqmod/xml/tm_latest.xml
   id        : Latest module
   version   : 1.0.0
   vqmver    : 2.3.0
   author    : Tm
VQModObject::parseMods - Could not resolve path for [catalog/language/german/module/latest.php] (SKIPPED)
VQModObject::parseMods - Could not resolve path for [catalog/language/spanish/module/latest.php] (SKIPPED)

MOD DETAILS:
   modFile   : D:\wamp\www\+bootstrap3\vqmod/xml/tm_specials.xml
   id        : Special
   version   : 1.0.0
   vqmver    : 2.3.0
   author    : Tm
VQModObject::parseMods - Could not resolve path for [catalog/language/german/module/special.php] (SKIPPED)
VQModObject::parseMods - Could not resolve path for [catalog/language/spanish/module/special.php] (SKIPPED)

----------------------------------------------------------------------


